10/18/2020 4:47:57 AM	This log contains information about the import schema operation into project 'Database' on computer 'KASIRTICKETING' by user 'richo'.
10/18/2020 4:47:57 AM	Import of database schema has started.
10/18/2020 4:48:12 AM	Gathering database credentials
10/18/2020 4:48:12 AM	Gathering database options
10/18/2020 4:48:12 AM	Gathering users
10/18/2020 4:48:12 AM	Gathering roles
10/18/2020 4:48:12 AM	Gathering application roles
10/18/2020 4:48:12 AM	Gathering role memberships
10/18/2020 4:48:12 AM	Gathering filegroups
10/18/2020 4:48:12 AM	Gathering full-text catalogs
10/18/2020 4:48:12 AM	Gathering assemblies
10/18/2020 4:48:12 AM	Gathering certificates
10/18/2020 4:48:12 AM	Gathering asymmetric keys
10/18/2020 4:48:12 AM	Gathering symmetric keys
10/18/2020 4:48:12 AM	Gathering encrypted symmetric keys
10/18/2020 4:48:12 AM	Gathering schemas
10/18/2020 4:48:12 AM	Gathering XML schema collections
10/18/2020 4:48:12 AM	Gathering user-defined data types
10/18/2020 4:48:12 AM	Gathering user-defined types
10/18/2020 4:48:12 AM	Gathering table types
10/18/2020 4:48:12 AM	Gathering unique keys for table types
10/18/2020 4:48:12 AM	Gathering primary keys for table types
10/18/2020 4:48:12 AM	Gathering indexes for table types
10/18/2020 4:48:12 AM	Gathering check constraints for table types
10/18/2020 4:48:12 AM	Gathering default constraints for table types
10/18/2020 4:48:12 AM	Gathering partition functions
10/18/2020 4:48:12 AM	Gathering partition schemes
10/18/2020 4:48:12 AM	Gathering functions
10/18/2020 4:48:13 AM	Gathering encrypted functions
10/18/2020 4:48:13 AM	Gathering aggregates
10/18/2020 4:48:13 AM	Gathering procedures
10/18/2020 4:48:13 AM	Gathering encrypted procedures
10/18/2020 4:48:13 AM	Gathering tables
10/18/2020 4:48:13 AM	Gathering primary keys
10/18/2020 4:48:13 AM	Gathering unique constraints
10/18/2020 4:48:13 AM	Gathering foreign keys
10/18/2020 4:48:13 AM	Gathering default constraints
10/18/2020 4:48:13 AM	Gathering check constraints
10/18/2020 4:48:13 AM	Gathering views
10/18/2020 4:48:13 AM	Gathering encrypted views
10/18/2020 4:48:13 AM	Gathering indexes
10/18/2020 4:48:13 AM	Gathering statistics
10/18/2020 4:48:13 AM	Gathering full-text index stoplists
10/18/2020 4:48:13 AM	Gathering search property lists
10/18/2020 4:48:13 AM	Gathering search properties
10/18/2020 4:48:13 AM	Gathering full-text indexes
10/18/2020 4:48:13 AM	Gathering column store indexes
10/18/2020 4:48:18 AM	Gathering spatial indexes
10/18/2020 4:48:18 AM	Gathering XML indexes
10/18/2020 4:48:18 AM	Gathering Selective XML indexes
10/18/2020 4:48:18 AM	Gathering encrypted triggers
10/18/2020 4:48:18 AM	Gathering triggers
10/18/2020 4:48:18 AM	Gathering encrypted and clr ddl triggers
10/18/2020 4:48:18 AM	Gathering ddl triggers
10/18/2020 4:48:18 AM	Gathering synonyms
10/18/2020 4:48:18 AM	Gathering defaults
10/18/2020 4:48:23 AM	Gathering data constraint uddt bindings
10/18/2020 4:48:23 AM	Gathering rules
10/18/2020 4:48:23 AM	Gathering data constraint uddt bindings
10/18/2020 4:48:23 AM	Gathering message types
10/18/2020 4:48:23 AM	Gathering queues
10/18/2020 4:48:23 AM	Gathering contracts
10/18/2020 4:48:23 AM	Gathering services
10/18/2020 4:48:23 AM	Gathering event notifications
10/18/2020 4:48:23 AM	Gathering remote service bindings
10/18/2020 4:48:23 AM	Gathering broker priorities
10/18/2020 4:48:23 AM	Gathering signatures
10/18/2020 4:48:23 AM	Gathering data compression options
10/18/2020 4:48:23 AM	Gathering sequence types
10/18/2020 4:48:23 AM	Gathering security policies
10/18/2020 4:48:23 AM	Gather column encryption keys
10/18/2020 4:48:23 AM	Gathering column master keys
10/18/2020 4:48:23 AM	Gathering external data sources
10/18/2020 4:48:23 AM	Gathering external file formats
10/18/2020 4:48:23 AM	Gathering external tables
10/18/2020 4:48:23 AM	Gathering database permissions
10/18/2020 4:48:23 AM	Gathering extended properties
10/18/2020 4:48:23 AM	Gathering credentials
10/18/2020 4:48:23 AM	Gathering logins
10/18/2020 4:48:23 AM	Gathering server audits
10/18/2020 4:48:27 AM	Scanning project for duplicate elements
10/18/2020 4:48:27 AM	Finished duplicate element processing
10/18/2020 4:48:29 AM	Finished importing database.
10/18/2020 4:48:29 AM	A summary of the import was saved to the following location: C:\Users\richo\source\repos\IOTProject\WebIOT\Database\Import Schema Logs\Database_20201017094757.log
10/18/2020 4:48:29 AM	Click Finish to continue...
